<?xml version="1.0" encoding="UTF-8"?>
<testsuite xmlns:xsi="http://www.w3.org/2001/XMLSchema-instance" xsi:noNamespaceSchemaLocation="https://maven.apache.org/surefire/maven-surefire-plugin/xsd/surefire-test-report-3.0.xsd" version="3.0" name="com.example.Lcustomloginlibrary.LcustomLoginLibraryApplicationTests" time="5.797" tests="1" errors="0" skipped="0" failures="0">
  <properties>
[...]
</properties>
  <testcase name="contextLoads" classname="com.example.Lcustomloginlibrary.LcustomLoginLibraryApplicationTests" time="0.461">
    <system-out><![CDATA[14:35:44.905 [main] INFO org.springframework.test.context.support.AnnotationConfigContextLoaderUtils -- Could not detect default configuration classes for test class [com.example.Lcustomloginlibrary.LcustomLoginLibraryApplicationTests]: LcustomLoginLibraryApplicationTests does not declare any static, non-private, non-final, nested classes annotated with @Configuration.
14:35:45.013 [main] INFO org.springframework.boot.test.context.SpringBootTestContextBootstrapper -- Found @SpringBootConfiguration com.example.Lcustomloginlibrary.LcustomLoginLibraryApplication for test class com.example.Lcustomloginlibrary.LcustomLoginLibraryApplicationTests

  .   ____          _            __ _ _
 /\\ / ___'_ __ _ _(_)_ __  __ _ \ \ \ \
( ( )\___ | '_ | '_| | '_ \/ _` | \ \ \ \
 \\/  ___)| |_)| | | | | || (_| |  ) ) ) )
  '  |____| .__|_| |_|_| |_\__, | / / / /
 =========|_|==============|___/=/_/_/_/
 :: Spring Boot ::                (v3.1.4)

2023-11-06T14:35:45.519+07:00  INFO 12572 --- [           main] .e.L.LcustomLoginLibraryApplicationTests : Starting LcustomLoginLibraryApplicationTests using Java 17.0.8 with PID 12572 (started by lili in C:\Users\liliy\Documents\File Sunib\Enrichment\Adira All Documents\Spring Boot\Custom Library\child_backend)
2023-11-06T14:35:45.521+07:00  INFO 12572 --- [           main] .e.L.LcustomLoginLibraryApplicationTests : No active profile set, falling back to 1 default profile: "default"
2023-11-06T14:35:46.073+07:00  INFO 12572 --- [           main] .s.d.r.c.RepositoryConfigurationDelegate : Bootstrapping Spring Data JPA repositories in DEFAULT mode.
2023-11-06T14:35:46.130+07:00  INFO 12572 --- [           main] .s.d.r.c.RepositoryConfigurationDelegate : Finished Spring Data repository scanning in 46 ms. Found 1 JPA repository interfaces.
2023-11-06T14:35:46.900+07:00  INFO 12572 --- [           main] com.zaxxer.hikari.HikariDataSource       : HikariPool-1 - Starting...
2023-11-06T14:35:47.156+07:00  INFO 12572 --- [           main] com.zaxxer.hikari.pool.HikariPool        : HikariPool-1 - Added connection com.mysql.cj.jdbc.ConnectionImpl@47b269c4
2023-11-06T14:35:47.159+07:00  INFO 12572 --- [           main] com.zaxxer.hikari.HikariDataSource       : HikariPool-1 - Start completed.
2023-11-06T14:35:47.214+07:00  INFO 12572 --- [           main] o.hibernate.jpa.internal.util.LogHelper  : HHH000204: Processing PersistenceUnitInfo [name: default]
2023-11-06T14:35:47.267+07:00  INFO 12572 --- [           main] org.hibernate.Version                    : HHH000412: Hibernate ORM core version 6.2.9.Final
2023-11-06T14:35:47.269+07:00  INFO 12572 --- [           main] org.hibernate.cfg.Environment            : HHH000406: Using bytecode reflection optimizer
2023-11-06T14:35:47.473+07:00  INFO 12572 --- [           main] o.h.b.i.BytecodeProviderInitiator        : HHH000021: Bytecode provider name : bytebuddy
2023-11-06T14:35:47.681+07:00  INFO 12572 --- [           main] o.s.o.j.p.SpringPersistenceUnitInfo      : No LoadTimeWeaver setup: ignoring JPA class transformer
2023-11-06T14:35:47.772+07:00  WARN 12572 --- [           main] org.hibernate.dialect.Dialect            : HHH000511: The 5.5.0 version for [org.hibernate.dialect.MySQLDialect] is no longer supported, hence certain features may not work properly. The minimum supported version is 5.7.0. Check the community dialects project for available legacy versions.
2023-11-06T14:35:48.030+07:00  INFO 12572 --- [           main] o.h.b.i.BytecodeProviderInitiator        : HHH000021: Bytecode provider name : bytebuddy
2023-11-06T14:35:48.588+07:00  INFO 12572 --- [           main] o.h.e.t.j.p.i.JtaPlatformInitiator       : HHH000490: Using JtaPlatform implementation: [org.hibernate.engine.transaction.jta.platform.internal.NoJtaPlatform]
2023-11-06T14:35:48.591+07:00  INFO 12572 --- [           main] j.LocalContainerEntityManagerFactoryBean : Initialized JPA EntityManagerFactory for persistence unit 'default'
2023-11-06T14:35:49.586+07:00  INFO 12572 --- [           main] o.s.b.a.w.s.WelcomePageHandlerMapping    : Adding welcome page template: index
2023-11-06T14:35:49.940+07:00  INFO 12572 --- [           main] o.s.s.web.DefaultSecurityFilterChain     : Will secure any request with [org.springframework.security.web.session.DisableEncodeUrlFilter@13e6c544, org.springframework.security.web.context.request.async.WebAsyncManagerIntegrationFilter@6c68f29c, org.springframework.security.web.context.SecurityContextHolderFilter@b307030, org.springframework.security.web.header.HeaderWriterFilter@736a8aea, org.springframework.security.web.csrf.CsrfFilter@106b476a, org.springframework.security.web.authentication.logout.LogoutFilter@3f0b5619, org.springframework.security.web.authentication.UsernamePasswordAuthenticationFilter@5ca006ac, org.springframework.security.web.authentication.ui.DefaultLoginPageGeneratingFilter@5d24703e, org.springframework.security.web.authentication.ui.DefaultLogoutPageGeneratingFilter@3b3b2290, org.springframework.security.web.authentication.www.BasicAuthenticationFilter@69d2c460, org.springframework.security.web.savedrequest.RequestCacheAwareFilter@263f6e96, org.springframework.security.web.servletapi.SecurityContextHolderAwareRequestFilter@643a73fa, org.springframework.security.web.authentication.AnonymousAuthenticationFilter@47d7e4b6, org.springframework.security.web.access.ExceptionTranslationFilter@2487b621, org.springframework.security.web.access.intercept.AuthorizationFilter@355b4c34]
2023-11-06T14:35:50.002+07:00  INFO 12572 --- [           main] .e.L.LcustomLoginLibraryApplicationTests : Started LcustomLoginLibraryApplicationTests in 4.828 seconds (process running for 6.219)
]]></system-out>
  </testcase>
</testsuite>